
Showing logs for build [32mmeta-jasonwc-jenkinsx-example-e-mr7r6-1[0m stage [32mmeta-pipeline[0m and container [32mstep-credential-initializer-dfbjs[0m
{"level":"warn","ts":1567549493.7188723,"logger":"fallback-logger","caller":"logging/config.go:69","msg":"Fetch GitHub commit ID from kodata failed: \"ref: refs/heads/master\" is not a valid GitHub commit ID"}
{"level":"info","ts":1567549493.7232676,"logger":"fallback-logger","caller":"creds-init/main.go:40","msg":"Credentials initialized."}

Showing logs for build [32mmeta-jasonwc-jenkinsx-example-e-mr7r6-1[0m stage [32mmeta-pipeline[0m and container [32mstep-working-dir-initializer-44x2b[0m
{"level":"warn","ts":1567549494.9450638,"logger":"fallback-logger","caller":"logging/config.go:69","msg":"Fetch GitHub commit ID from kodata failed: open /var/run/ko/HEAD: no such file or directory"}
{"level":"info","ts":1567549494.952106,"logger":"fallback-logger","caller":"bash/main.go:65","msg":"Successfully executed command \"mkdir -p /workspace/source\""}

Showing logs for build [32mmeta-jasonwc-jenkinsx-example-e-mr7r6-1[0m stage [32mmeta-pipeline[0m and container [32mstep-place-tools[0m

Showing logs for build [32mmeta-jasonwc-jenkinsx-example-e-mr7r6-1[0m stage [32mmeta-pipeline[0m and container [32mstep-git-source-meta-jasonwc-jenkinsx-example-e-nwnsc[0m
{"level":"warn","ts":1567549505.989506,"logger":"fallback-logger","caller":"logging/config.go:69","msg":"Fetch GitHub commit ID from kodata failed: \"ref: refs/heads/master\" is not a valid GitHub commit ID"}
{"level":"info","ts":1567549506.1323094,"logger":"fallback-logger","caller":"git/git.go:102","msg":"Successfully cloned https://github.com/jasonwc-jenkinsx-example/environment-**-yo-staging.git @ 03eb34c1896b94ef7b54b13554a92b53700c3ead in path /workspace/source"}

Showing logs for build [32mmeta-jasonwc-jenkinsx-example-e-mr7r6-1[0m stage [32mmeta-pipeline[0m and container [32mstep-git-merge[0m
Using SHAs from PULL_REFS=master:03eb34c1896b94ef7b54b13554a92b53700c3ead,2:a4ab73b7a8514194ceb9c4cd21d0c9478a388f97
DEBUG: ran git fetch --unshallow origin a4ab73b7a8514194ceb9c4cd21d0c9478a388f97: 03eb34c1896b94ef7b54b13554a92b53700c3ead: in 
DEBUG: ran git checkout master in 
DEBUG: ran git reset --hard 03eb34c1896b94ef7b54b13554a92b53700c3ead in 
DEBUG: ran clean --force -d . in 
DEBUG: ran git merge a4ab73b7a8514194ceb9c4cd21d0c9478a388f97 in 
Merged SHA a4ab73b7a8514194ceb9c4cd21d0c9478a388f97 with commit message 'chore: Promote yo-backend to version 0.0.4' into base branch master

Showing logs for build [32mmeta-jasonwc-jenkinsx-example-e-mr7r6-1[0m stage [32mmeta-pipeline[0m and container [32mstep-merge-pull-refs[0m
DEBUG: ran git fetch origin a4ab73b7a8514194ceb9c4cd21d0c9478a388f97: 03eb34c1896b94ef7b54b13554a92b53700c3ead: in 
DEBUG: Unshallowed git repo in 
DEBUG: ran git checkout master in 
DEBUG: ran git reset --hard 03eb34c1896b94ef7b54b13554a92b53700c3ead in 
DEBUG: ran clean --force -d . in 
DEBUG: ran git merge a4ab73b7a8514194ceb9c4cd21d0c9478a388f97 in 
Merged SHA a4ab73b7a8514194ceb9c4cd21d0c9478a388f97 with commit message 'chore: Promote yo-backend to version 0.0.4' into base branch master

Showing logs for build [32mmeta-jasonwc-jenkinsx-example-e-mr7r6-1[0m stage [32mmeta-pipeline[0m and container [32mstep-create-effective-pipeline[0m
Deleting and cloning the Jenkins X versions repo
Cloning the Jenkins X versions repo https://github.com/jenkins-x/jenkins-x-versions.git with ref refs/heads/master to /builder/home/.**/jenkins-x-versions
selected pack: /builder/home/.**/draft/packs/github.com/jenkins-x-buildpacks/jenkins-x-kubernetes/packs/environment
Effective pipeline written to jenkins-x-promotion-build-effective.yml

Showing logs for build [32mmeta-jasonwc-jenkinsx-example-e-mr7r6-1[0m stage [32mmeta-pipeline[0m and container [32mstep-create-tekton-crds[0m
PipelineActivity for jasonwc-jenkinsx-example-environment-**-yo-staging-PR-2-1
Applying changes 
upserted PipelineResource jasonwc-jenkinsx-example-enviro for the git repository https://github.com/jasonwc-jenkinsx-example/environment-**-yo-staging.git
upserted Task jasonwc-jenkinsx-example-enviro-cfslh-from-build-pack-1
upserted Pipeline jasonwc-jenkinsx-example-enviro-cfslh-1
created PipelineRun jasonwc-jenkinsx-example-enviro-cfslh-1
created PipelineStructure jasonwc-jenkinsx-example-enviro-cfslh-1

Showing logs for build [32mmeta-jasonwc-jenkinsx-example-e-mr7r6-1[0m stage [32mfrom-build-pack[0m and container [32mstep-credential-initializer-5sbnt[0m
{"level":"warn","ts":1567549513.7052846,"logger":"fallback-logger","caller":"logging/config.go:69","msg":"Fetch GitHub commit ID from kodata failed: \"ref: refs/heads/master\" is not a valid GitHub commit ID"}
{"level":"info","ts":1567549513.7059302,"logger":"fallback-logger","caller":"creds-init/main.go:40","msg":"Credentials initialized."}

Showing logs for build [32mmeta-jasonwc-jenkinsx-example-e-mr7r6-1[0m stage [32mfrom-build-pack[0m and container [32mstep-working-dir-initializer-wkmcw[0m
{"level":"warn","ts":1567549514.7232926,"logger":"fallback-logger","caller":"logging/config.go:69","msg":"Fetch GitHub commit ID from kodata failed: open /var/run/ko/HEAD: no such file or directory"}
{"level":"info","ts":1567549514.7242808,"logger":"fallback-logger","caller":"bash/main.go:65","msg":"Successfully executed command \"mkdir -p /workspace/source /workspace/source/env\""}

Showing logs for build [32mmeta-jasonwc-jenkinsx-example-e-mr7r6-1[0m stage [32mfrom-build-pack[0m and container [32mstep-place-tools[0m

Showing logs for build [32mmeta-jasonwc-jenkinsx-example-e-mr7r6-1[0m stage [32mfrom-build-pack[0m and container [32mstep-git-source-jasonwc-jenkinsx-example-enviro-lchkd[0m
{"level":"warn","ts":1567549520.7696438,"logger":"fallback-logger","caller":"logging/config.go:69","msg":"Fetch GitHub commit ID from kodata failed: \"ref: refs/heads/master\" is not a valid GitHub commit ID"}
{"level":"info","ts":1567549520.9037476,"logger":"fallback-logger","caller":"git/git.go:102","msg":"Successfully cloned https://github.com/jasonwc-jenkinsx-example/environment-**-yo-staging.git @ master in path /workspace/source"}

Showing logs for build [32mmeta-jasonwc-jenkinsx-example-e-mr7r6-1[0m stage [32mfrom-build-pack[0m and container [32mstep-git-merge[0m
Using SHAs from PULL_REFS=master:03eb34c1896b94ef7b54b13554a92b53700c3ead,2:a4ab73b7a8514194ceb9c4cd21d0c9478a388f97
DEBUG: ran git fetch origin a4ab73b7a8514194ceb9c4cd21d0c9478a388f97: 03eb34c1896b94ef7b54b13554a92b53700c3ead: in 
DEBUG: Unshallowed git repo in 
DEBUG: ran git checkout master in 
DEBUG: ran git reset --hard 03eb34c1896b94ef7b54b13554a92b53700c3ead in 
DEBUG: ran clean --force -d . in 
DEBUG: ran git merge a4ab73b7a8514194ceb9c4cd21d0c9478a388f97 in 
Merged SHA a4ab73b7a8514194ceb9c4cd21d0c9478a388f97 with commit message 'chore: Promote yo-backend to version 0.0.4' into base branch master

Showing logs for build [32mmeta-jasonwc-jenkinsx-example-e-mr7r6-1[0m stage [32mfrom-build-pack[0m and container [32mstep-build-helm-build[0m
WARNING: No $CHART_REPOSITORY defined so using the default value of: http://jenkins-x-chartmuseum:8080
Adding missing Helm repo: storage.googleapis.com https://storage.googleapis.com/chartmuseum.jenkins-x.io
Successfully added Helm repository storage.googleapis.com.
Adding missing Helm repo: jenkins-x-chartmuseum http://jenkins-x-chartmuseum:8080
Successfully added Helm repository jenkins-x-chartmuseum.
WARNING: No $CHART_REPOSITORY defined so using the default value of: http://jenkins-x-chartmuseum:8080
Adding missing Helm repo: chartmuseum.jenkins-x.io http://chartmuseum.jenkins-x.io
Successfully added Helm repository chartmuseum.jenkins-x.io.
