
Showing logs for build [32mmeta-jasonwc-jenkinsx-example-e-zcntj-1[0m stage [32mmeta-pipeline[0m and container [32mstep-credential-initializer-ltdv8[0m
{"level":"warn","ts":1567625652.3506613,"logger":"fallback-logger","caller":"logging/config.go:69","msg":"Fetch GitHub commit ID from kodata failed: \"ref: refs/heads/master\" is not a valid GitHub commit ID"}
{"level":"info","ts":1567625652.3509574,"logger":"fallback-logger","caller":"creds-init/main.go:40","msg":"Credentials initialized."}

Showing logs for build [32mmeta-jasonwc-jenkinsx-example-e-zcntj-1[0m stage [32mmeta-pipeline[0m and container [32mstep-working-dir-initializer-58nzw[0m
{"level":"warn","ts":1567625653.3281987,"logger":"fallback-logger","caller":"logging/config.go:69","msg":"Fetch GitHub commit ID from kodata failed: open /var/run/ko/HEAD: no such file or directory"}
{"level":"info","ts":1567625653.3343527,"logger":"fallback-logger","caller":"bash/main.go:65","msg":"Successfully executed command \"mkdir -p /workspace/source\""}

Showing logs for build [32mmeta-jasonwc-jenkinsx-example-e-zcntj-1[0m stage [32mmeta-pipeline[0m and container [32mstep-place-tools[0m

Showing logs for build [32mmeta-jasonwc-jenkinsx-example-e-zcntj-1[0m stage [32mmeta-pipeline[0m and container [32mstep-git-source-meta-jasonwc-jenkinsx-example-e-fs4zq[0m
{"level":"warn","ts":1567625663.7177305,"logger":"fallback-logger","caller":"logging/config.go:69","msg":"Fetch GitHub commit ID from kodata failed: \"ref: refs/heads/master\" is not a valid GitHub commit ID"}
{"level":"info","ts":1567625663.8553035,"logger":"fallback-logger","caller":"git/git.go:102","msg":"Successfully cloned https://github.com/jasonwc-jenkinsx-example/environment-**-yo-staging.git @ 1aa6b8ed6ea5e5fd72702d3025b5417581582d51 in path /workspace/source"}

Showing logs for build [32mmeta-jasonwc-jenkinsx-example-e-zcntj-1[0m stage [32mmeta-pipeline[0m and container [32mstep-git-merge[0m
Using SHAs from PULL_REFS=master:1aa6b8ed6ea5e5fd72702d3025b5417581582d51,6:115297ed88a2b52e15359babb5877c70f0fc1a68
DEBUG: ran git fetch origin 115297ed88a2b52e15359babb5877c70f0fc1a68: 1aa6b8ed6ea5e5fd72702d3025b5417581582d51: in 
DEBUG: Unshallowed git repo in 
DEBUG: ran git checkout master in 
DEBUG: ran git reset --hard 1aa6b8ed6ea5e5fd72702d3025b5417581582d51 in 
DEBUG: ran clean --force -d . in 
DEBUG: ran git merge 115297ed88a2b52e15359babb5877c70f0fc1a68 in 
Merged SHA 115297ed88a2b52e15359babb5877c70f0fc1a68 with commit message 'chore: Promote yo-backend to version 0.0.5' into base branch master

Showing logs for build [32mmeta-jasonwc-jenkinsx-example-e-zcntj-1[0m stage [32mmeta-pipeline[0m and container [32mstep-merge-pull-refs[0m
DEBUG: ran git fetch origin 115297ed88a2b52e15359babb5877c70f0fc1a68: 1aa6b8ed6ea5e5fd72702d3025b5417581582d51: in 
DEBUG: Unshallowed git repo in 
DEBUG: ran git checkout master in 
DEBUG: ran git reset --hard 1aa6b8ed6ea5e5fd72702d3025b5417581582d51 in 
DEBUG: ran clean --force -d . in 
DEBUG: ran git merge 115297ed88a2b52e15359babb5877c70f0fc1a68 in 
Merged SHA 115297ed88a2b52e15359babb5877c70f0fc1a68 with commit message 'chore: Promote yo-backend to version 0.0.5' into base branch master

Showing logs for build [32mmeta-jasonwc-jenkinsx-example-e-zcntj-1[0m stage [32mmeta-pipeline[0m and container [32mstep-create-effective-pipeline[0m
Deleting and cloning the Jenkins X versions repo
Cloning the Jenkins X versions repo https://github.com/jenkins-x/jenkins-x-versions.git with ref refs/heads/master to /builder/home/.**/jenkins-x-versions
selected pack: /builder/home/.**/draft/packs/github.com/jenkins-x-buildpacks/jenkins-x-kubernetes/packs/environment
Effective pipeline written to jenkins-x-promotion-build-effective.yml

Showing logs for build [32mmeta-jasonwc-jenkinsx-example-e-zcntj-1[0m stage [32mmeta-pipeline[0m and container [32mstep-create-tekton-crds[0m
PipelineActivity for jasonwc-jenkinsx-example-environment-**-yo-staging-PR-6-1
Applying changes 
upserted PipelineResource jasonwc-jenkinsx-example-enviro for the git repository https://github.com/jasonwc-jenkinsx-example/environment-**-yo-staging.git
upserted Task jasonwc-jenkinsx-example-enviro-zwg89-from-build-pack-1
upserted Pipeline jasonwc-jenkinsx-example-enviro-zwg89-1
created PipelineRun jasonwc-jenkinsx-example-enviro-zwg89-1
created PipelineStructure jasonwc-jenkinsx-example-enviro-zwg89-1

Showing logs for build [32mmeta-jasonwc-jenkinsx-example-e-zcntj-1[0m stage [32mfrom-build-pack[0m and container [32mstep-credential-initializer-6x99f[0m
{"level":"warn","ts":1567625680.1123643,"logger":"fallback-logger","caller":"logging/config.go:69","msg":"Fetch GitHub commit ID from kodata failed: \"ref: refs/heads/master\" is not a valid GitHub commit ID"}
{"level":"info","ts":1567625680.1126082,"logger":"fallback-logger","caller":"creds-init/main.go:40","msg":"Credentials initialized."}

Showing logs for build [32mmeta-jasonwc-jenkinsx-example-e-zcntj-1[0m stage [32mfrom-build-pack[0m and container [32mstep-working-dir-initializer-kfccm[0m
{"level":"warn","ts":1567625681.1180415,"logger":"fallback-logger","caller":"logging/config.go:69","msg":"Fetch GitHub commit ID from kodata failed: open /var/run/ko/HEAD: no such file or directory"}
{"level":"info","ts":1567625681.119214,"logger":"fallback-logger","caller":"bash/main.go:65","msg":"Successfully executed command \"mkdir -p /workspace/source /workspace/source/env\""}

Showing logs for build [32mmeta-jasonwc-jenkinsx-example-e-zcntj-1[0m stage [32mfrom-build-pack[0m and container [32mstep-place-tools[0m

waiting for stage [32mfrom-build-pack[0m : container [32mstep-git-source-jasonwc-jenkinsx-example-enviro-zkszx[0m to start...


Showing logs for build [32mmeta-jasonwc-jenkinsx-example-e-zcntj-1[0m stage [32mfrom-build-pack[0m and container [32mstep-git-source-jasonwc-jenkinsx-example-enviro-zkszx[0m
{"level":"warn","ts":1567625752.486719,"logger":"fallback-logger","caller":"logging/config.go:69","msg":"Fetch GitHub commit ID from kodata failed: \"ref: refs/heads/master\" is not a valid GitHub commit ID"}
{"level":"info","ts":1567625752.721764,"logger":"fallback-logger","caller":"git/git.go:102","msg":"Successfully cloned https://github.com/jasonwc-jenkinsx-example/environment-**-yo-staging.git @ master in path /workspace/source"}

waiting for stage [32mfrom-build-pack[0m : container [32mstep-git-merge[0m to start...


Showing logs for build [32mmeta-jasonwc-jenkinsx-example-e-zcntj-1[0m stage [32mfrom-build-pack[0m and container [32mstep-git-merge[0m
Using SHAs from PULL_REFS=master:1aa6b8ed6ea5e5fd72702d3025b5417581582d51,6:115297ed88a2b52e15359babb5877c70f0fc1a68
DEBUG: ran git fetch origin 115297ed88a2b52e15359babb5877c70f0fc1a68: 1aa6b8ed6ea5e5fd72702d3025b5417581582d51: in 
DEBUG: Unshallowed git repo in 
DEBUG: ran git checkout master in 
DEBUG: ran git reset --hard 1aa6b8ed6ea5e5fd72702d3025b5417581582d51 in 
DEBUG: ran clean --force -d . in 
DEBUG: ran git merge 115297ed88a2b52e15359babb5877c70f0fc1a68 in 
Merged SHA 115297ed88a2b52e15359babb5877c70f0fc1a68 with commit message 'chore: Promote yo-backend to version 0.0.5' into base branch master

waiting for stage [32mfrom-build-pack[0m : container [32mstep-build-helm-build[0m to start...


Showing logs for build [32mmeta-jasonwc-jenkinsx-example-e-zcntj-1[0m stage [32mfrom-build-pack[0m and container [32mstep-build-helm-build[0m
WARNING: No $CHART_REPOSITORY defined so using the default value of: http://jenkins-x-chartmuseum:8080
Adding missing Helm repo: storage.googleapis.com https://storage.googleapis.com/chartmuseum.jenkins-x.io
Successfully added Helm repository storage.googleapis.com.
Adding missing Helm repo: jenkins-x-chartmuseum http://jenkins-x-chartmuseum:8080
Successfully added Helm repository jenkins-x-chartmuseum.
WARNING: No $CHART_REPOSITORY defined so using the default value of: http://jenkins-x-chartmuseum:8080
Adding missing Helm repo: chartmuseum.jenkins-x.io http://chartmuseum.jenkins-x.io
Successfully added Helm repository chartmuseum.jenkins-x.io.
