
Showing logs for build [32mmeta-jasonwc-jenkinsx-example-e-qsp5x-1[0m stage [32mmeta-pipeline[0m and container [32mstep-credential-initializer-c28rb[0m
{"level":"warn","ts":1568232877.1461165,"logger":"fallback-logger","caller":"logging/config.go:69","msg":"Fetch GitHub commit ID from kodata failed: \"ref: refs/heads/master\" is not a valid GitHub commit ID"}
{"level":"info","ts":1568232877.1463697,"logger":"fallback-logger","caller":"creds-init/main.go:40","msg":"Credentials initialized."}

Showing logs for build [32mmeta-jasonwc-jenkinsx-example-e-qsp5x-1[0m stage [32mmeta-pipeline[0m and container [32mstep-working-dir-initializer-vswhl[0m
{"level":"warn","ts":1568232878.5870411,"logger":"fallback-logger","caller":"logging/config.go:69","msg":"Fetch GitHub commit ID from kodata failed: open /var/run/ko/HEAD: no such file or directory"}
{"level":"info","ts":1568232878.596431,"logger":"fallback-logger","caller":"bash/main.go:65","msg":"Successfully executed command \"mkdir -p /workspace/source\""}

Showing logs for build [32mmeta-jasonwc-jenkinsx-example-e-qsp5x-1[0m stage [32mmeta-pipeline[0m and container [32mstep-place-tools[0m

Showing logs for build [32mmeta-jasonwc-jenkinsx-example-e-qsp5x-1[0m stage [32mmeta-pipeline[0m and container [32mstep-git-source-meta-jasonwc-jenkinsx-example-e-g999c[0m
{"level":"warn","ts":1568232890.3976705,"logger":"fallback-logger","caller":"logging/config.go:69","msg":"Fetch GitHub commit ID from kodata failed: \"ref: refs/heads/master\" is not a valid GitHub commit ID"}
{"level":"error","ts":1568232890.4874573,"logger":"fallback-logger","caller":"git/git.go:35","msg":"Error running git [fetch --depth=1 --recurse-submodules=yes origin 1ab18ec16806f0ef9b1d7387ee7776995bfff0be]: exit status 128\nerror: Server does not allow request for unadvertised object 1ab18ec16806f0ef9b1d7387ee7776995bfff0be\n","stacktrace":"github.com/tektoncd/pipeline/pkg/git.run\n\t/workspace/go/src/github.com/tektoncd/pipeline/pkg/git/git.go:35\ngithub.com/tektoncd/pipeline/pkg/git.Fetch\n\t/workspace/go/src/github.com/tektoncd/pipeline/pkg/git/git.go:88\nmain.main\n\t/workspace/go/src/github.com/tektoncd/pipeline/cmd/git-init/main.go:36\nruntime.main\n\t/usr/local/go/src/runtime/proc.go:200"}
{"level":"error","ts":1568232890.6249418,"logger":"fallback-logger","caller":"git/git.go:35","msg":"Error running git [pull --recurse-submodules=yes origin]: exit status 1\nFrom https://github.com/jasonwc-jenkinsx-example/environment-**-yo-staging\n * [new branch]      gh-pages                -> origin/gh-pages\n * [new branch]      master                  -> origin/master\n * [new branch]      use-new-values-location -> origin/use-new-values-location\nYou asked to pull from the remote 'origin', but did not specify\na branch. Because this is not the default configured remote\nfor your current branch, you must specify a branch on the command line.\n","stacktrace":"github.com/tektoncd/pipeline/pkg/git.run\n\t/workspace/go/src/github.com/tektoncd/pipeline/pkg/git/git.go:35\ngithub.com/tektoncd/pipeline/pkg/git.Fetch\n\t/workspace/go/src/github.com/tektoncd/pipeline/pkg/git/git.go:91\nmain.main\n\t/workspace/go/src/github.com/tektoncd/pipeline/cmd/git-init/main.go:36\nruntime.main\n\t/usr/local/go/src/runtime/proc.go:200"}
{"level":"warn","ts":1568232890.6250153,"logger":"fallback-logger","caller":"git/git.go:92","msg":"Failed to pull origin : exit status 1"}
{"level":"info","ts":1568232890.6347868,"logger":"fallback-logger","caller":"git/git.go:102","msg":"Successfully cloned https://github.com/jasonwc-jenkinsx-example/environment-**-yo-staging.git @ 1ab18ec16806f0ef9b1d7387ee7776995bfff0be in path /workspace/source"}

Showing logs for build [32mmeta-jasonwc-jenkinsx-example-e-qsp5x-1[0m stage [32mmeta-pipeline[0m and container [32mstep-git-merge[0m
Using SHAs from PULL_REFS=master:1ab18ec16806f0ef9b1d7387ee7776995bfff0be,15:c3315747ddbcccc85d4ad9f9deb6d56ca7f25012
DEBUG: ran git fetch origin c3315747ddbcccc85d4ad9f9deb6d56ca7f25012: 1ab18ec16806f0ef9b1d7387ee7776995bfff0be: in 
DEBUG: Unshallowed git repo in 
DEBUG: ran git checkout master in 
DEBUG: ran git reset --hard 1ab18ec16806f0ef9b1d7387ee7776995bfff0be in 
DEBUG: ran clean --force -d . in 
DEBUG: ran git merge c3315747ddbcccc85d4ad9f9deb6d56ca7f25012 in 
Merged SHA c3315747ddbcccc85d4ad9f9deb6d56ca7f25012 with commit message 'chore: Promote yo-frontend to version 0.0.6' into base branch master

Showing logs for build [32mmeta-jasonwc-jenkinsx-example-e-qsp5x-1[0m stage [32mmeta-pipeline[0m and container [32mstep-merge-pull-refs[0m
DEBUG: ran git fetch origin c3315747ddbcccc85d4ad9f9deb6d56ca7f25012: 1ab18ec16806f0ef9b1d7387ee7776995bfff0be: in 
DEBUG: Unshallowed git repo in 
DEBUG: ran git checkout master in 
DEBUG: ran git reset --hard 1ab18ec16806f0ef9b1d7387ee7776995bfff0be in 
DEBUG: ran clean --force -d . in 
DEBUG: ran git merge c3315747ddbcccc85d4ad9f9deb6d56ca7f25012 in 
Merged SHA c3315747ddbcccc85d4ad9f9deb6d56ca7f25012 with commit message 'chore: Promote yo-frontend to version 0.0.6' into base branch master

Showing logs for build [32mmeta-jasonwc-jenkinsx-example-e-qsp5x-1[0m stage [32mmeta-pipeline[0m and container [32mstep-create-effective-pipeline[0m
Deleting and cloning the Jenkins X versions repo
Cloning the Jenkins X versions repo https://github.com/jenkins-x/jenkins-x-versions.git with ref refs/heads/master to /builder/home/.**/jenkins-x-versions
selected pack: /builder/home/.**/draft/packs/github.com/jenkins-x-buildpacks/jenkins-x-kubernetes/packs/environment
Effective pipeline written to jenkins-x-promotion-build-effective.yml

Showing logs for build [32mmeta-jasonwc-jenkinsx-example-e-qsp5x-1[0m stage [32mmeta-pipeline[0m and container [32mstep-create-tekton-crds[0m
PipelineActivity for jasonwc-jenkinsx-example-environment-**-yo-staging-PR-15-1
Applying changes 
upserted PipelineResource jasonwc-jenkinsx-example-enviro for the git repository https://github.com/jasonwc-jenkinsx-example/environment-**-yo-staging.git
upserted Task jasonwc-jenkinsx-example-enviro-djz5v-from-build-pack-1
upserted Pipeline jasonwc-jenkinsx-example-enviro-djz5v-1
created PipelineRun jasonwc-jenkinsx-example-enviro-djz5v-1
created PipelineStructure jasonwc-jenkinsx-example-enviro-djz5v-1

Showing logs for build [32mmeta-jasonwc-jenkinsx-example-e-qsp5x-1[0m stage [32mfrom-build-pack[0m and container [32mstep-credential-initializer-kllv9[0m
{"level":"warn","ts":1568232904.1548364,"logger":"fallback-logger","caller":"logging/config.go:69","msg":"Fetch GitHub commit ID from kodata failed: \"ref: refs/heads/master\" is not a valid GitHub commit ID"}
{"level":"info","ts":1568232904.1551902,"logger":"fallback-logger","caller":"creds-init/main.go:40","msg":"Credentials initialized."}

Showing logs for build [32mmeta-jasonwc-jenkinsx-example-e-qsp5x-1[0m stage [32mfrom-build-pack[0m and container [32mstep-working-dir-initializer-zlq5q[0m
{"level":"warn","ts":1568232905.3478143,"logger":"fallback-logger","caller":"logging/config.go:69","msg":"Fetch GitHub commit ID from kodata failed: open /var/run/ko/HEAD: no such file or directory"}
{"level":"info","ts":1568232905.355152,"logger":"fallback-logger","caller":"bash/main.go:65","msg":"Successfully executed command \"mkdir -p /workspace/source /workspace/source/env\""}

Showing logs for build [32mmeta-jasonwc-jenkinsx-example-e-qsp5x-1[0m stage [32mfrom-build-pack[0m and container [32mstep-place-tools[0m

Showing logs for build [32mmeta-jasonwc-jenkinsx-example-e-qsp5x-1[0m stage [32mfrom-build-pack[0m and container [32mstep-git-source-jasonwc-jenkinsx-example-enviro-lgvj6[0m
{"level":"warn","ts":1568232911.4671385,"logger":"fallback-logger","caller":"logging/config.go:69","msg":"Fetch GitHub commit ID from kodata failed: \"ref: refs/heads/master\" is not a valid GitHub commit ID"}
{"level":"info","ts":1568232911.7131872,"logger":"fallback-logger","caller":"git/git.go:102","msg":"Successfully cloned https://github.com/jasonwc-jenkinsx-example/environment-**-yo-staging.git @ master in path /workspace/source"}

Showing logs for build [32mmeta-jasonwc-jenkinsx-example-e-qsp5x-1[0m stage [32mfrom-build-pack[0m and container [32mstep-git-merge[0m
Using SHAs from PULL_REFS=master:1ab18ec16806f0ef9b1d7387ee7776995bfff0be,15:c3315747ddbcccc85d4ad9f9deb6d56ca7f25012
DEBUG: ran git fetch origin c3315747ddbcccc85d4ad9f9deb6d56ca7f25012: 1ab18ec16806f0ef9b1d7387ee7776995bfff0be: in 
DEBUG: Unshallowed git repo in 
DEBUG: ran git checkout master in 
DEBUG: ran git reset --hard 1ab18ec16806f0ef9b1d7387ee7776995bfff0be in 
DEBUG: ran clean --force -d . in 
DEBUG: ran git merge c3315747ddbcccc85d4ad9f9deb6d56ca7f25012 in 
Merged SHA c3315747ddbcccc85d4ad9f9deb6d56ca7f25012 with commit message 'chore: Promote yo-frontend to version 0.0.6' into base branch master

Showing logs for build [32mmeta-jasonwc-jenkinsx-example-e-qsp5x-1[0m stage [32mfrom-build-pack[0m and container [32mstep-build-helm-build[0m
WARNING: No $CHART_REPOSITORY defined so using the default value of: http://jenkins-x-chartmuseum:8080
Adding missing Helm repo: storage.googleapis.com https://storage.googleapis.com/chartmuseum.jenkins-x.io
Successfully added Helm repository storage.googleapis.com.
Adding missing Helm repo: jenkins-x-chartmuseum http://jenkins-x-chartmuseum:8080
Successfully added Helm repository jenkins-x-chartmuseum.
WARNING: No $CHART_REPOSITORY defined so using the default value of: http://jenkins-x-chartmuseum:8080
Adding missing Helm repo: chartmuseum.jenkins-x.io http://chartmuseum.jenkins-x.io
Successfully added Helm repository chartmuseum.jenkins-x.io.
