
Showing logs for build [32mmeta-jasonwc-jenkinsx-example-e-q4vlq-1[0m stage [32mmeta-pipeline[0m and container [32mstep-credential-initializer-vwds8[0m
{"level":"warn","ts":1568232828.020152,"logger":"fallback-logger","caller":"logging/config.go:69","msg":"Fetch GitHub commit ID from kodata failed: \"ref: refs/heads/master\" is not a valid GitHub commit ID"}
{"level":"info","ts":1568232828.0212696,"logger":"fallback-logger","caller":"creds-init/main.go:40","msg":"Credentials initialized."}

Showing logs for build [32mmeta-jasonwc-jenkinsx-example-e-q4vlq-1[0m stage [32mmeta-pipeline[0m and container [32mstep-working-dir-initializer-lqj7h[0m
{"level":"warn","ts":1568232829.0044694,"logger":"fallback-logger","caller":"logging/config.go:69","msg":"Fetch GitHub commit ID from kodata failed: open /var/run/ko/HEAD: no such file or directory"}
{"level":"info","ts":1568232829.0112262,"logger":"fallback-logger","caller":"bash/main.go:65","msg":"Successfully executed command \"mkdir -p /workspace/source\""}

Showing logs for build [32mmeta-jasonwc-jenkinsx-example-e-q4vlq-1[0m stage [32mmeta-pipeline[0m and container [32mstep-place-tools[0m

Showing logs for build [32mmeta-jasonwc-jenkinsx-example-e-q4vlq-1[0m stage [32mmeta-pipeline[0m and container [32mstep-git-source-meta-jasonwc-jenkinsx-example-e-8d5gg[0m
{"level":"warn","ts":1568232835.0945358,"logger":"fallback-logger","caller":"logging/config.go:69","msg":"Fetch GitHub commit ID from kodata failed: \"ref: refs/heads/master\" is not a valid GitHub commit ID"}
{"level":"error","ts":1568232835.2115374,"logger":"fallback-logger","caller":"git/git.go:35","msg":"Error running git [fetch --depth=1 --recurse-submodules=yes origin 920480f5a1a7d3fb2a3bc07eff44385afc33cfb4]: exit status 128\nerror: Server does not allow request for unadvertised object 920480f5a1a7d3fb2a3bc07eff44385afc33cfb4\n","stacktrace":"github.com/tektoncd/pipeline/pkg/git.run\n\t/workspace/go/src/github.com/tektoncd/pipeline/pkg/git/git.go:35\ngithub.com/tektoncd/pipeline/pkg/git.Fetch\n\t/workspace/go/src/github.com/tektoncd/pipeline/pkg/git/git.go:88\nmain.main\n\t/workspace/go/src/github.com/tektoncd/pipeline/cmd/git-init/main.go:36\nruntime.main\n\t/usr/local/go/src/runtime/proc.go:200"}
{"level":"error","ts":1568232835.3064902,"logger":"fallback-logger","caller":"git/git.go:35","msg":"Error running git [pull --recurse-submodules=yes origin]: exit status 1\nFrom https://github.com/jasonwc-jenkinsx-example/environment-**-yo-staging\n * [new branch]      gh-pages                -> origin/gh-pages\n * [new branch]      master                  -> origin/master\n * [new branch]      use-new-values-location -> origin/use-new-values-location\nYou asked to pull from the remote 'origin', but did not specify\na branch. Because this is not the default configured remote\nfor your current branch, you must specify a branch on the command line.\n","stacktrace":"github.com/tektoncd/pipeline/pkg/git.run\n\t/workspace/go/src/github.com/tektoncd/pipeline/pkg/git/git.go:35\ngithub.com/tektoncd/pipeline/pkg/git.Fetch\n\t/workspace/go/src/github.com/tektoncd/pipeline/pkg/git/git.go:91\nmain.main\n\t/workspace/go/src/github.com/tektoncd/pipeline/cmd/git-init/main.go:36\nruntime.main\n\t/usr/local/go/src/runtime/proc.go:200"}
{"level":"warn","ts":1568232835.3065474,"logger":"fallback-logger","caller":"git/git.go:92","msg":"Failed to pull origin : exit status 1"}
{"level":"info","ts":1568232835.3085303,"logger":"fallback-logger","caller":"git/git.go:102","msg":"Successfully cloned https://github.com/jasonwc-jenkinsx-example/environment-**-yo-staging.git @ 920480f5a1a7d3fb2a3bc07eff44385afc33cfb4 in path /workspace/source"}

Showing logs for build [32mmeta-jasonwc-jenkinsx-example-e-q4vlq-1[0m stage [32mmeta-pipeline[0m and container [32mstep-git-merge[0m
Using SHAs from PULL_REFS=master:920480f5a1a7d3fb2a3bc07eff44385afc33cfb4,14:e90d7a9914d4dec2dce867d521c7bcb926a733bb
DEBUG: ran git fetch origin e90d7a9914d4dec2dce867d521c7bcb926a733bb: 920480f5a1a7d3fb2a3bc07eff44385afc33cfb4: in 
DEBUG: Unshallowed git repo in 
DEBUG: ran git checkout master in 
DEBUG: ran git reset --hard 920480f5a1a7d3fb2a3bc07eff44385afc33cfb4 in 
DEBUG: ran clean --force -d . in 
DEBUG: ran git merge e90d7a9914d4dec2dce867d521c7bcb926a733bb in 
Merged SHA e90d7a9914d4dec2dce867d521c7bcb926a733bb with commit message 'chore: Promote yo-frontend to version 0.0.5' into base branch master

Showing logs for build [32mmeta-jasonwc-jenkinsx-example-e-q4vlq-1[0m stage [32mmeta-pipeline[0m and container [32mstep-merge-pull-refs[0m
DEBUG: ran git fetch origin e90d7a9914d4dec2dce867d521c7bcb926a733bb: 920480f5a1a7d3fb2a3bc07eff44385afc33cfb4: in 
DEBUG: Unshallowed git repo in 
DEBUG: ran git checkout master in 
DEBUG: ran git reset --hard 920480f5a1a7d3fb2a3bc07eff44385afc33cfb4 in 
DEBUG: ran clean --force -d . in 
DEBUG: ran git merge e90d7a9914d4dec2dce867d521c7bcb926a733bb in 
Merged SHA e90d7a9914d4dec2dce867d521c7bcb926a733bb with commit message 'chore: Promote yo-frontend to version 0.0.5' into base branch master

Showing logs for build [32mmeta-jasonwc-jenkinsx-example-e-q4vlq-1[0m stage [32mmeta-pipeline[0m and container [32mstep-create-effective-pipeline[0m
Deleting and cloning the Jenkins X versions repo
Cloning the Jenkins X versions repo https://github.com/jenkins-x/jenkins-x-versions.git with ref refs/heads/master to /builder/home/.**/jenkins-x-versions
selected pack: /builder/home/.**/draft/packs/github.com/jenkins-x-buildpacks/jenkins-x-kubernetes/packs/environment
Effective pipeline written to jenkins-x-promotion-build-effective.yml

Showing logs for build [32mmeta-jasonwc-jenkinsx-example-e-q4vlq-1[0m stage [32mmeta-pipeline[0m and container [32mstep-create-tekton-crds[0m
PipelineActivity for jasonwc-jenkinsx-example-environment-**-yo-staging-PR-14-1
Applying changes 
upserted PipelineResource jasonwc-jenkinsx-example-enviro for the git repository https://github.com/jasonwc-jenkinsx-example/environment-**-yo-staging.git
upserted Task jasonwc-jenkinsx-example-enviro-rlxpv-from-build-pack-1
upserted Pipeline jasonwc-jenkinsx-example-enviro-rlxpv-1
created PipelineRun jasonwc-jenkinsx-example-enviro-rlxpv-1
created PipelineStructure jasonwc-jenkinsx-example-enviro-rlxpv-1

waiting for stage [32mfrom-build-pack[0m : container [32mstep-credential-initializer-xqqrt[0m to start...


Showing logs for build [32mmeta-jasonwc-jenkinsx-example-e-q4vlq-1[0m stage [32mfrom-build-pack[0m and container [32mstep-credential-initializer-xqqrt[0m
{"level":"warn","ts":1568232842.3408012,"logger":"fallback-logger","caller":"logging/config.go:69","msg":"Fetch GitHub commit ID from kodata failed: \"ref: refs/heads/master\" is not a valid GitHub commit ID"}
{"level":"info","ts":1568232842.3410861,"logger":"fallback-logger","caller":"creds-init/main.go:40","msg":"Credentials initialized."}

waiting for stage [32mfrom-build-pack[0m : container [32mstep-working-dir-initializer-gswgp[0m to start...


Showing logs for build [32mmeta-jasonwc-jenkinsx-example-e-q4vlq-1[0m stage [32mfrom-build-pack[0m and container [32mstep-working-dir-initializer-gswgp[0m
{"level":"warn","ts":1568232842.6658373,"logger":"fallback-logger","caller":"logging/config.go:69","msg":"Fetch GitHub commit ID from kodata failed: open /var/run/ko/HEAD: no such file or directory"}
{"level":"info","ts":1568232842.6667998,"logger":"fallback-logger","caller":"bash/main.go:65","msg":"Successfully executed command \"mkdir -p /workspace/source /workspace/source/env\""}

waiting for stage [32mfrom-build-pack[0m : container [32mstep-place-tools[0m to start...


Showing logs for build [32mmeta-jasonwc-jenkinsx-example-e-q4vlq-1[0m stage [32mfrom-build-pack[0m and container [32mstep-place-tools[0m

waiting for stage [32mfrom-build-pack[0m : container [32mstep-git-source-jasonwc-jenkinsx-example-enviro-mj8z9[0m to start...


Showing logs for build [32mmeta-jasonwc-jenkinsx-example-e-q4vlq-1[0m stage [32mfrom-build-pack[0m and container [32mstep-git-source-jasonwc-jenkinsx-example-enviro-mj8z9[0m
{"level":"warn","ts":1568232883.9361472,"logger":"fallback-logger","caller":"logging/config.go:69","msg":"Fetch GitHub commit ID from kodata failed: \"ref: refs/heads/master\" is not a valid GitHub commit ID"}
{"level":"info","ts":1568232884.096772,"logger":"fallback-logger","caller":"git/git.go:102","msg":"Successfully cloned https://github.com/jasonwc-jenkinsx-example/environment-**-yo-staging.git @ master in path /workspace/source"}

waiting for stage [32mfrom-build-pack[0m : container [32mstep-git-merge[0m to start...


Showing logs for build [32mmeta-jasonwc-jenkinsx-example-e-q4vlq-1[0m stage [32mfrom-build-pack[0m and container [32mstep-git-merge[0m
Using SHAs from PULL_REFS=master:920480f5a1a7d3fb2a3bc07eff44385afc33cfb4,14:e90d7a9914d4dec2dce867d521c7bcb926a733bb
DEBUG: ran git fetch origin e90d7a9914d4dec2dce867d521c7bcb926a733bb: 920480f5a1a7d3fb2a3bc07eff44385afc33cfb4: in 
DEBUG: Unshallowed git repo in 
DEBUG: ran git checkout master in 
DEBUG: ran git reset --hard 920480f5a1a7d3fb2a3bc07eff44385afc33cfb4 in 
DEBUG: ran clean --force -d . in 
DEBUG: ran git merge e90d7a9914d4dec2dce867d521c7bcb926a733bb in 
Merged SHA e90d7a9914d4dec2dce867d521c7bcb926a733bb with commit message 'chore: Promote yo-frontend to version 0.0.5' into base branch master

waiting for stage [32mfrom-build-pack[0m : container [32mstep-build-helm-build[0m to start...


Showing logs for build [32mmeta-jasonwc-jenkinsx-example-e-q4vlq-1[0m stage [32mfrom-build-pack[0m and container [32mstep-build-helm-build[0m
WARNING: No $CHART_REPOSITORY defined so using the default value of: http://jenkins-x-chartmuseum:8080
Adding missing Helm repo: storage.googleapis.com https://storage.googleapis.com/chartmuseum.jenkins-x.io
Successfully added Helm repository storage.googleapis.com.
Adding missing Helm repo: jenkins-x-chartmuseum http://jenkins-x-chartmuseum:8080
Successfully added Helm repository jenkins-x-chartmuseum.
WARNING: No $CHART_REPOSITORY defined so using the default value of: http://jenkins-x-chartmuseum:8080
Adding missing Helm repo: chartmuseum.jenkins-x.io http://chartmuseum.jenkins-x.io
Successfully added Helm repository chartmuseum.jenkins-x.io.
