
Showing logs for build [32mmeta-jasonwc-jenkinsx-example-e-1[0m stage [32mmeta-pipeline[0m and container [32mstep-credential-initializer-9cfn6[0m
{"level":"warn","ts":1567548060.3002946,"logger":"fallback-logger","caller":"logging/config.go:69","msg":"Fetch GitHub commit ID from kodata failed: \"ref: refs/heads/master\" is not a valid GitHub commit ID"}
{"level":"info","ts":1567548060.3015356,"logger":"fallback-logger","caller":"creds-init/main.go:40","msg":"Credentials initialized."}

Showing logs for build [32mmeta-jasonwc-jenkinsx-example-e-1[0m stage [32mmeta-pipeline[0m and container [32mstep-working-dir-initializer-j2689[0m
{"level":"warn","ts":1567548060.6047041,"logger":"fallback-logger","caller":"logging/config.go:69","msg":"Fetch GitHub commit ID from kodata failed: open /var/run/ko/HEAD: no such file or directory"}
{"level":"info","ts":1567548060.609877,"logger":"fallback-logger","caller":"bash/main.go:65","msg":"Successfully executed command \"mkdir -p /workspace/source\""}

Showing logs for build [32mmeta-jasonwc-jenkinsx-example-e-1[0m stage [32mmeta-pipeline[0m and container [32mstep-place-tools[0m

Showing logs for build [32mmeta-jasonwc-jenkinsx-example-e-1[0m stage [32mmeta-pipeline[0m and container [32mstep-git-source-meta-jasonwc-jenkinsx-example-e-f98j9[0m
{"level":"warn","ts":1567548067.6847365,"logger":"fallback-logger","caller":"logging/config.go:69","msg":"Fetch GitHub commit ID from kodata failed: \"ref: refs/heads/master\" is not a valid GitHub commit ID"}
{"level":"info","ts":1567548067.870021,"logger":"fallback-logger","caller":"git/git.go:102","msg":"Successfully cloned https://github.com/jasonwc-jenkinsx-example/environment-**-yo-staging.git @ 6c26ada4473e07211e857c6f6f1602e7cfd7c46b in path /workspace/source"}

Showing logs for build [32mmeta-jasonwc-jenkinsx-example-e-1[0m stage [32mmeta-pipeline[0m and container [32mstep-git-merge[0m
Using SHAs from PULL_REFS=master:6c26ada4473e07211e857c6f6f1602e7cfd7c46b,1:efdbf725dcff9a8b3f4aff47bb515ecab369d463
DEBUG: ran git fetch --unshallow origin efdbf725dcff9a8b3f4aff47bb515ecab369d463: 6c26ada4473e07211e857c6f6f1602e7cfd7c46b: in 
DEBUG: ran git checkout master in 
DEBUG: ran git reset --hard 6c26ada4473e07211e857c6f6f1602e7cfd7c46b in 
DEBUG: ran clean --force -d . in 
DEBUG: ran git merge efdbf725dcff9a8b3f4aff47bb515ecab369d463 in 
Merged SHA efdbf725dcff9a8b3f4aff47bb515ecab369d463 with commit message 'chore: Promote yo-backend to version 0.0.3' into base branch master

Showing logs for build [32mmeta-jasonwc-jenkinsx-example-e-1[0m stage [32mmeta-pipeline[0m and container [32mstep-merge-pull-refs[0m
DEBUG: ran git fetch origin efdbf725dcff9a8b3f4aff47bb515ecab369d463: 6c26ada4473e07211e857c6f6f1602e7cfd7c46b: in 
DEBUG: Unshallowed git repo in 
DEBUG: ran git checkout master in 
DEBUG: ran git reset --hard 6c26ada4473e07211e857c6f6f1602e7cfd7c46b in 
DEBUG: ran clean --force -d . in 
DEBUG: ran git merge efdbf725dcff9a8b3f4aff47bb515ecab369d463 in 
Merged SHA efdbf725dcff9a8b3f4aff47bb515ecab369d463 with commit message 'chore: Promote yo-backend to version 0.0.3' into base branch master

Showing logs for build [32mmeta-jasonwc-jenkinsx-example-e-1[0m stage [32mmeta-pipeline[0m and container [32mstep-create-effective-pipeline[0m
Deleting and cloning the Jenkins X versions repo
Cloning the Jenkins X versions repo https://github.com/jenkins-x/jenkins-x-versions.git with ref refs/heads/master to /builder/home/.**/jenkins-x-versions
selected pack: /builder/home/.**/draft/packs/github.com/jenkins-x-buildpacks/jenkins-x-kubernetes/packs/environment
Effective pipeline written to jenkins-x-promotion-build-effective.yml

Showing logs for build [32mmeta-jasonwc-jenkinsx-example-e-1[0m stage [32mmeta-pipeline[0m and container [32mstep-create-tekton-crds[0m
PipelineActivity for jasonwc-jenkinsx-example-environment-**-yo-staging-PR-1-1
Applying changes 
upserted PipelineResource jasonwc-jenkinsx-example-enviro for the git repository https://github.com/jasonwc-jenkinsx-example/environment-**-yo-staging.git
upserted Task jasonwc-jenkinsx-example-enviro-from-build-pack-1
upserted Pipeline jasonwc-jenkinsx-example-enviro-1
created PipelineRun jasonwc-jenkinsx-example-enviro-1
created PipelineStructure jasonwc-jenkinsx-example-enviro-1

waiting for stage [32mfrom-build-pack[0m : container [32mstep-credential-initializer-rnmf7[0m to start...


Showing logs for build [32mmeta-jasonwc-jenkinsx-example-e-1[0m stage [32mfrom-build-pack[0m and container [32mstep-credential-initializer-rnmf7[0m
{"level":"warn","ts":1567548075.8692842,"logger":"fallback-logger","caller":"logging/config.go:69","msg":"Fetch GitHub commit ID from kodata failed: \"ref: refs/heads/master\" is not a valid GitHub commit ID"}
{"level":"info","ts":1567548075.8696136,"logger":"fallback-logger","caller":"creds-init/main.go:40","msg":"Credentials initialized."}

waiting for stage [32mfrom-build-pack[0m : container [32mstep-working-dir-initializer-jdf2d[0m to start...


Showing logs for build [32mmeta-jasonwc-jenkinsx-example-e-1[0m stage [32mfrom-build-pack[0m and container [32mstep-working-dir-initializer-jdf2d[0m
{"level":"warn","ts":1567548076.133993,"logger":"fallback-logger","caller":"logging/config.go:69","msg":"Fetch GitHub commit ID from kodata failed: open /var/run/ko/HEAD: no such file or directory"}
{"level":"info","ts":1567548076.1360762,"logger":"fallback-logger","caller":"bash/main.go:65","msg":"Successfully executed command \"mkdir -p /workspace/source /workspace/source/env\""}

waiting for stage [32mfrom-build-pack[0m : container [32mstep-place-tools[0m to start...


Showing logs for build [32mmeta-jasonwc-jenkinsx-example-e-1[0m stage [32mfrom-build-pack[0m and container [32mstep-place-tools[0m

waiting for stage [32mfrom-build-pack[0m : container [32mstep-git-source-jasonwc-jenkinsx-example-enviro-44qnr[0m to start...


Showing logs for build [32mmeta-jasonwc-jenkinsx-example-e-1[0m stage [32mfrom-build-pack[0m and container [32mstep-git-source-jasonwc-jenkinsx-example-enviro-44qnr[0m
{"level":"warn","ts":1567548096.2975807,"logger":"fallback-logger","caller":"logging/config.go:69","msg":"Fetch GitHub commit ID from kodata failed: \"ref: refs/heads/master\" is not a valid GitHub commit ID"}
{"level":"info","ts":1567548096.4940422,"logger":"fallback-logger","caller":"git/git.go:102","msg":"Successfully cloned https://github.com/jasonwc-jenkinsx-example/environment-**-yo-staging.git @ master in path /workspace/source"}

waiting for stage [32mfrom-build-pack[0m : container [32mstep-git-merge[0m to start...


Showing logs for build [32mmeta-jasonwc-jenkinsx-example-e-1[0m stage [32mfrom-build-pack[0m and container [32mstep-git-merge[0m
Using SHAs from PULL_REFS=master:6c26ada4473e07211e857c6f6f1602e7cfd7c46b,1:efdbf725dcff9a8b3f4aff47bb515ecab369d463
DEBUG: ran git fetch origin efdbf725dcff9a8b3f4aff47bb515ecab369d463: 6c26ada4473e07211e857c6f6f1602e7cfd7c46b: in 
DEBUG: Unshallowed git repo in 
DEBUG: ran git checkout master in 
DEBUG: ran git reset --hard 6c26ada4473e07211e857c6f6f1602e7cfd7c46b in 
DEBUG: ran clean --force -d . in 
DEBUG: ran git merge efdbf725dcff9a8b3f4aff47bb515ecab369d463 in 
Merged SHA efdbf725dcff9a8b3f4aff47bb515ecab369d463 with commit message 'chore: Promote yo-backend to version 0.0.3' into base branch master

waiting for stage [32mfrom-build-pack[0m : container [32mstep-build-helm-build[0m to start...


Showing logs for build [32mmeta-jasonwc-jenkinsx-example-e-1[0m stage [32mfrom-build-pack[0m and container [32mstep-build-helm-build[0m
WARNING: No $CHART_REPOSITORY defined so using the default value of: http://jenkins-x-chartmuseum:8080
Adding missing Helm repo: storage.googleapis.com https://storage.googleapis.com/chartmuseum.jenkins-x.io
Successfully added Helm repository storage.googleapis.com.
Adding missing Helm repo: jenkins-x-chartmuseum http://jenkins-x-chartmuseum:8080
Successfully added Helm repository jenkins-x-chartmuseum.
WARNING: No $CHART_REPOSITORY defined so using the default value of: http://jenkins-x-chartmuseum:8080
Adding missing Helm repo: chartmuseum.jenkins-x.io http://chartmuseum.jenkins-x.io
Successfully added Helm repository chartmuseum.jenkins-x.io.
