
Showing logs for build [32mmeta-jasonwc-jenkinsx-example-e-xmmlp-5[0m stage [32mmeta-pipeline[0m and container [32mstep-credential-initializer-2f8ls[0m
{"level":"warn","ts":1567624156.5016057,"logger":"fallback-logger","caller":"logging/config.go:69","msg":"Fetch GitHub commit ID from kodata failed: \"ref: refs/heads/master\" is not a valid GitHub commit ID"}
{"level":"info","ts":1567624156.5024698,"logger":"fallback-logger","caller":"creds-init/main.go:40","msg":"Credentials initialized."}

Showing logs for build [32mmeta-jasonwc-jenkinsx-example-e-xmmlp-5[0m stage [32mmeta-pipeline[0m and container [32mstep-working-dir-initializer-74bx5[0m
{"level":"warn","ts":1567624156.779391,"logger":"fallback-logger","caller":"logging/config.go:69","msg":"Fetch GitHub commit ID from kodata failed: open /var/run/ko/HEAD: no such file or directory"}
{"level":"info","ts":1567624156.781228,"logger":"fallback-logger","caller":"bash/main.go:65","msg":"Successfully executed command \"mkdir -p /workspace/source\""}

Showing logs for build [32mmeta-jasonwc-jenkinsx-example-e-xmmlp-5[0m stage [32mmeta-pipeline[0m and container [32mstep-place-tools[0m

Showing logs for build [32mmeta-jasonwc-jenkinsx-example-e-xmmlp-5[0m stage [32mmeta-pipeline[0m and container [32mstep-git-source-meta-jasonwc-jenkinsx-example-e-pv59m[0m
{"level":"warn","ts":1567624162.8266857,"logger":"fallback-logger","caller":"logging/config.go:69","msg":"Fetch GitHub commit ID from kodata failed: \"ref: refs/heads/master\" is not a valid GitHub commit ID"}
{"level":"info","ts":1567624163.02312,"logger":"fallback-logger","caller":"git/git.go:102","msg":"Successfully cloned https://github.com/jasonwc-jenkinsx-example/environment-**-yo-staging.git @ 1aa6b8ed6ea5e5fd72702d3025b5417581582d51 in path /workspace/source"}

Showing logs for build [32mmeta-jasonwc-jenkinsx-example-e-xmmlp-5[0m stage [32mmeta-pipeline[0m and container [32mstep-git-merge[0m
Using SHAs from PULL_REFS=master:1aa6b8ed6ea5e5fd72702d3025b5417581582d51
WARNING: no SHAs to merge, falling back to initial cloned commit

Showing logs for build [32mmeta-jasonwc-jenkinsx-example-e-xmmlp-5[0m stage [32mmeta-pipeline[0m and container [32mstep-merge-pull-refs[0m
SKIP merge-pull-refs: Nothing to merge

Showing logs for build [32mmeta-jasonwc-jenkinsx-example-e-xmmlp-5[0m stage [32mmeta-pipeline[0m and container [32mstep-create-effective-pipeline[0m
Deleting and cloning the Jenkins X versions repo
Cloning the Jenkins X versions repo https://github.com/jenkins-x/jenkins-x-versions.git with ref refs/heads/master to /builder/home/.**/jenkins-x-versions
selected pack: /builder/home/.**/draft/packs/github.com/jenkins-x-buildpacks/jenkins-x-kubernetes/packs/environment
Effective pipeline written to jenkins-x-promotion-effective.yml

Showing logs for build [32mmeta-jasonwc-jenkinsx-example-e-xmmlp-5[0m stage [32mmeta-pipeline[0m and container [32mstep-create-tekton-crds[0m
running command: ** step next-version --use-git-tag-only --tag
created new version: 0.0.5 and written to file: ./VERSION
Tag v0.0.5 created and pushed to remote origin

PipelineActivity for jasonwc-jenkinsx-example-environment-**-yo-staging-master-5
Applying changes 
upserted PipelineResource jasonwc-jenkinsx-example-enviro for the git repository https://github.com/jasonwc-jenkinsx-example/environment-**-yo-staging.git
upserted Task jasonwc-jenkinsx-example-enviro-vw6k4-from-build-pack-5
upserted Pipeline jasonwc-jenkinsx-example-enviro-vw6k4-5
created PipelineRun jasonwc-jenkinsx-example-enviro-vw6k4-5
created PipelineStructure jasonwc-jenkinsx-example-enviro-vw6k4-5

Showing logs for build [32mmeta-jasonwc-jenkinsx-example-e-xmmlp-5[0m stage [32mfrom-build-pack[0m and container [32mstep-credential-initializer-wbh9x[0m
{"level":"warn","ts":1567624172.4904308,"logger":"fallback-logger","caller":"logging/config.go:69","msg":"Fetch GitHub commit ID from kodata failed: \"ref: refs/heads/master\" is not a valid GitHub commit ID"}
{"level":"info","ts":1567624172.490768,"logger":"fallback-logger","caller":"creds-init/main.go:40","msg":"Credentials initialized."}

waiting for stage [32mfrom-build-pack[0m : container [32mstep-working-dir-initializer-2ltkw[0m to start...


Showing logs for build [32mmeta-jasonwc-jenkinsx-example-e-xmmlp-5[0m stage [32mfrom-build-pack[0m and container [32mstep-working-dir-initializer-2ltkw[0m
{"level":"warn","ts":1567624173.522182,"logger":"fallback-logger","caller":"logging/config.go:69","msg":"Fetch GitHub commit ID from kodata failed: open /var/run/ko/HEAD: no such file or directory"}
{"level":"info","ts":1567624173.5262508,"logger":"fallback-logger","caller":"bash/main.go:65","msg":"Successfully executed command \"mkdir -p /workspace/source /workspace/source/env\""}

waiting for stage [32mfrom-build-pack[0m : container [32mstep-place-tools[0m to start...


Showing logs for build [32mmeta-jasonwc-jenkinsx-example-e-xmmlp-5[0m stage [32mfrom-build-pack[0m and container [32mstep-place-tools[0m

waiting for stage [32mfrom-build-pack[0m : container [32mstep-git-source-jasonwc-jenkinsx-example-enviro-bvbbj[0m to start...


Showing logs for build [32mmeta-jasonwc-jenkinsx-example-e-xmmlp-5[0m stage [32mfrom-build-pack[0m and container [32mstep-git-source-jasonwc-jenkinsx-example-enviro-bvbbj[0m
{"level":"warn","ts":1567624179.571563,"logger":"fallback-logger","caller":"logging/config.go:69","msg":"Fetch GitHub commit ID from kodata failed: \"ref: refs/heads/master\" is not a valid GitHub commit ID"}
{"level":"info","ts":1567624179.7049873,"logger":"fallback-logger","caller":"git/git.go:102","msg":"Successfully cloned https://github.com/jasonwc-jenkinsx-example/environment-**-yo-staging.git @ v0.0.5 in path /workspace/source"}

waiting for stage [32mfrom-build-pack[0m : container [32mstep-git-merge[0m to start...


Showing logs for build [32mmeta-jasonwc-jenkinsx-example-e-xmmlp-5[0m stage [32mfrom-build-pack[0m and container [32mstep-git-merge[0m
Using SHAs from PULL_REFS=master:1aa6b8ed6ea5e5fd72702d3025b5417581582d51
WARNING: no SHAs to merge, falling back to initial cloned commit

waiting for stage [32mfrom-build-pack[0m : container [32mstep-setup-jx-git-credentials[0m to start...


Showing logs for build [32mmeta-jasonwc-jenkinsx-example-e-xmmlp-5[0m stage [32mfrom-build-pack[0m and container [32mstep-setup-jx-git-credentials[0m
Generated Git credentials file /builder/home/git/credentials

waiting for stage [32mfrom-build-pack[0m : container [32mstep-build-helm-apply[0m to start...


Showing logs for build [32mmeta-jasonwc-jenkinsx-example-e-xmmlp-5[0m stage [32mfrom-build-pack[0m and container [32mstep-build-helm-apply[0m
Modified file /workspace/source/env/Chart.yaml to set the chart to version 5
Copying the helm source directory /workspace/source/env to a temporary location for building and applying /tmp/**-helm-apply-314345085/env
Applying helm chart at /tmp/**-helm-apply-314345085/env as release name ** to namespace **-yo-staging
verifying the helm requirements versions in dir: . using version stream URL:  and git ref: 
Deleting and cloning the Jenkins X versions repo
Cloning the Jenkins X versions repo https://github.com/jenkins-x/jenkins-x-versions.git with ref refs/heads/master to /builder/home/.**/jenkins-x-versions
Ignoring templates/.gitignore
Wrote chart values.yaml /tmp/**-helm-apply-314345085/env/values.yaml generated from directory tree
generated helm /tmp/**-helm-apply-314345085/env/values.yaml

PipelineSecrets: {}
cleanup:
  Annotations:
    helm.sh/hook: pre-delete
    helm.sh/hook-delete-policy: hook-succeeded
  Args:
  - --cleanup
expose:
  Annotations:
    helm.sh/hook: post-install,post-upgrade
    helm.sh/hook-delete-policy: hook-succeeded
  Args:
  - --v
  - 4
  config:
    domain: jenkins-x-example.dev.launch.adobe.net
    exposer: Ingress
    http: "true"
jenkins:
  Servers:
    Global: {}
prow: {}
yo-frontend:
  env:
    api_url: http://yo-backend.**-yo-staging.jenkins-x-example.dev.launch.adobe.net

Using values files: /tmp/**-helm-apply-314345085/env/values.yaml
WARNING: No $CHART_REPOSITORY defined so using the default value of: http://jenkins-x-chartmuseum:8080
Adding missing Helm repo: storage.googleapis.com https://storage.googleapis.com/chartmuseum.jenkins-x.io
Successfully added Helm repository storage.googleapis.com.
Adding missing Helm repo: jenkins-x-chartmuseum http://jenkins-x-chartmuseum:8080
Successfully added Helm repository jenkins-x-chartmuseum.
WARNING: No $CHART_REPOSITORY defined so using the default value of: http://jenkins-x-chartmuseum:8080
Adding missing Helm repo: chartmuseum.jenkins-x.io http://chartmuseum.jenkins-x.io
Successfully added Helm repository chartmuseum.jenkins-x.io.
Applying Apps chart overrides
Applying chart overrides


